[debug] [2019-03-23T13:02:51.249Z] ----------------------------------------------------------------------
[debug] [2019-03-23T13:02:51.253Z] Command:       C:\Program Files\nodejs\node.exe C:\Users\Hamaa\AppData\Roaming\npm\node_modules\firebase-tools\lib\bin\firebase.js init
[debug] [2019-03-23T13:02:51.253Z] CLI Version:   6.4.0
[debug] [2019-03-23T13:02:51.253Z] Platform:      win32
[debug] [2019-03-23T13:02:51.253Z] Node Version:  v10.14.1
[debug] [2019-03-23T13:02:51.255Z] Time:          Sat Mar 23 2019 18:02:51 GMT+0500 (Pakistan Standard Time)
[debug] [2019-03-23T13:02:51.255Z] ----------------------------------------------------------------------
[debug] 
[debug] [2019-03-23T13:02:51.270Z] > command requires scopes: ["email","openid","https://www.googleapis.com/auth/cloudplatformprojects.readonly","https://www.googleapis.com/auth/firebase","https://www.googleapis.com/auth/cloud-platform"]
[debug] [2019-03-23T13:02:51.271Z] > authorizing via signed-in user
[info] 
     ######## #### ########  ######## ########     ###     ######  ########
     ##        ##  ##     ## ##       ##     ##  ##   ##  ##       ##
     ######    ##  ########  ######   ########  #########  ######  ######
     ##        ##  ##    ##  ##       ##     ## ##     ##       ## ##
     ##       #### ##     ## ######## ########  ##     ##  ######  ########

You're about to initialize a Firebase project in this directory:

  D:\FYP\final-project

[info] 
=== Project Setup
[info] 
[info] First, let's associate this project directory with a Firebase project.
[info] You can create multiple project aliases by running firebase use --add, 
[info] but for now we'll just set up a default project.
[info] 
[debug] [2019-03-23T13:02:55.888Z] > refreshing access token with scopes: ["email","https://www.googleapis.com/auth/cloud-platform","https://www.googleapis.com/auth/cloudplatformprojects.readonly","https://www.googleapis.com/auth/firebase","openid"]
[debug] [2019-03-23T13:02:55.889Z] >>> HTTP REQUEST POST https://www.googleapis.com/oauth2/v3/token  
 <request body omitted>
[debug] [2019-03-23T13:02:56.622Z] <<< HTTP RESPONSE 200
[debug] [2019-03-23T13:02:56.646Z] >>> HTTP REQUEST GET https://firebase.googleapis.com/v1beta1/projects?page_size=100  
 
[debug] [2019-03-23T13:02:57.864Z] <<< HTTP RESPONSE 200
